<?xml version="1.0" encoding="UTF-8"?>
<testsuite name="com.alianza.prueba.repository.ClienteRepositoryTest" tests="2" skipped="0" failures="0" errors="0" timestamp="2025-03-26T19:54:30.906Z" hostname="CO-PF4M4J38" time="0.431">
  <properties/>
  <testcase name="testFindAllClientes()" classname="com.alianza.prueba.repository.ClienteRepositoryTest" time="0.336"/>
  <testcase name="testFindBySharedKeyContaining()" classname="com.alianza.prueba.repository.ClienteRepositoryTest" time="0.094"/>
  <system-out><![CDATA[2025-03-26 14:54:26.675  INFO 17192 --- [    Test worker] .b.t.c.SpringBootTestContextBootstrapper : Neither @ContextConfiguration nor @ContextHierarchy found for test class [com.alianza.prueba.repository.ClienteRepositoryTest], using SpringBootContextLoader
2025-03-26 14:54:26.676  INFO 17192 --- [    Test worker] o.s.t.c.support.AbstractContextLoader    : Could not detect default resource locations for test class [com.alianza.prueba.repository.ClienteRepositoryTest]: no resource found for suffixes {-context.xml, Context.groovy}.
2025-03-26 14:54:26.677  INFO 17192 --- [    Test worker] t.c.s.AnnotationConfigContextLoaderUtils : Could not detect default configuration classes for test class [com.alianza.prueba.repository.ClienteRepositoryTest]: ClienteRepositoryTest does not declare any static, non-private, non-final, nested classes annotated with @Configuration.
2025-03-26 14:54:26.693  INFO 17192 --- [    Test worker] .b.t.c.SpringBootTestContextBootstrapper : Found @SpringBootConfiguration com.alianza.prueba.PruebaApplication for test class com.alianza.prueba.repository.ClienteRepositoryTest
2025-03-26 14:54:26.696  INFO 17192 --- [    Test worker] .b.t.c.SpringBootTestContextBootstrapper : Loaded default TestExecutionListener class names from location [META-INF/spring.factories]: [org.springframework.boot.test.autoconfigure.restdocs.RestDocsTestExecutionListener, org.springframework.boot.test.autoconfigure.web.client.MockRestServiceServerResetTestExecutionListener, org.springframework.boot.test.autoconfigure.web.servlet.MockMvcPrintOnlyOnFailureTestExecutionListener, org.springframework.boot.test.autoconfigure.web.servlet.WebDriverTestExecutionListener, org.springframework.boot.test.autoconfigure.webservices.client.MockWebServiceServerTestExecutionListener, org.springframework.boot.test.mock.mockito.MockitoTestExecutionListener, org.springframework.boot.test.mock.mockito.ResetMocksTestExecutionListener, org.springframework.test.context.web.ServletTestExecutionListener, org.springframework.test.context.support.DirtiesContextBeforeModesTestExecutionListener, org.springframework.test.context.event.ApplicationEventsTestExecutionListener, org.springframework.test.context.support.DependencyInjectionTestExecutionListener, org.springframework.test.context.support.DirtiesContextTestExecutionListener, org.springframework.test.context.transaction.TransactionalTestExecutionListener, org.springframework.test.context.jdbc.SqlScriptsTestExecutionListener, org.springframework.test.context.event.EventPublishingTestExecutionListener]
2025-03-26 14:54:26.700  INFO 17192 --- [    Test worker] .b.t.c.SpringBootTestContextBootstrapper : Using TestExecutionListeners: [org.springframework.test.context.web.ServletTestExecutionListener@32a033b6, org.springframework.test.context.support.DirtiesContextBeforeModesTestExecutionListener@5f6e2ad9, org.springframework.test.context.event.ApplicationEventsTestExecutionListener@3212bfd, org.springframework.boot.test.mock.mockito.MockitoTestExecutionListener@1cc9bd9b, org.springframework.boot.test.autoconfigure.SpringBootDependencyInjectionTestExecutionListener@2f471037, org.springframework.test.context.support.DirtiesContextTestExecutionListener@1d1cfe4, org.springframework.test.context.transaction.TransactionalTestExecutionListener@ba562e0, org.springframework.test.context.jdbc.SqlScriptsTestExecutionListener@5a51336a, org.springframework.test.context.event.EventPublishingTestExecutionListener@4d8056bf, org.springframework.boot.test.autoconfigure.restdocs.RestDocsTestExecutionListener@42211e04, org.springframework.boot.test.autoconfigure.web.client.MockRestServiceServerResetTestExecutionListener@6233c6c2, org.springframework.boot.test.autoconfigure.web.servlet.MockMvcPrintOnlyOnFailureTestExecutionListener@312a738d, org.springframework.boot.test.autoconfigure.web.servlet.WebDriverTestExecutionListener@7e50eeb9, org.springframework.boot.test.autoconfigure.webservices.client.MockWebServiceServerTestExecutionListener@34cb0e49, org.springframework.boot.test.mock.mockito.ResetMocksTestExecutionListener@48b2dbc4]

  .   ____          _            __ _ _
 /\\ / ___'_ __ _ _(_)_ __  __ _ \ \ \ \
( ( )\___ | '_ | '_| | '_ \/ _` | \ \ \ \
 \\/  ___)| |_)| | | | | || (_| |  ) ) ) )
  '  |____| .__|_| |_|_| |_\__, | / / / /
 =========|_|==============|___/=/_/_/_/
 :: Spring Boot ::                (v2.7.6)

2025-03-26 14:54:26.750  INFO 17192 --- [    Test worker] c.a.p.repository.ClienteRepositoryTest   : Starting ClienteRepositoryTest using Java 17.0.12 on CO-PF4M4J38 with PID 17192 (started by jbaquerovane in C:\DEV\prueba)
2025-03-26 14:54:26.750  INFO 17192 --- [    Test worker] c.a.p.repository.ClienteRepositoryTest   : No active profile set, falling back to 1 default profile: "default"
2025-03-26 14:54:27.203  INFO 17192 --- [    Test worker] .s.d.r.c.RepositoryConfigurationDelegate : Bootstrapping Spring Data JPA repositories in DEFAULT mode.
2025-03-26 14:54:27.284  INFO 17192 --- [    Test worker] .s.d.r.c.RepositoryConfigurationDelegate : Finished Spring Data repository scanning in 66 ms. Found 1 JPA repository interfaces.
2025-03-26 14:54:27.811  INFO 17192 --- [    Test worker] com.zaxxer.hikari.HikariDataSource       : HikariPool-1 - Starting...
2025-03-26 14:54:28.157  INFO 17192 --- [    Test worker] com.zaxxer.hikari.HikariDataSource       : HikariPool-1 - Start completed.
2025-03-26 14:54:28.251  INFO 17192 --- [    Test worker] o.hibernate.jpa.internal.util.LogHelper  : HHH000204: Processing PersistenceUnitInfo [name: default]
2025-03-26 14:54:28.374  INFO 17192 --- [    Test worker] org.hibernate.Version                    : HHH000412: Hibernate ORM core version 5.6.14.Final
2025-03-26 14:54:28.458  INFO 17192 --- [    Test worker] o.hibernate.annotations.common.Version   : HCANN000001: Hibernate Commons Annotations {5.1.2.Final}
2025-03-26 14:54:28.708  INFO 17192 --- [    Test worker] org.hibernate.dialect.Dialect            : HHH000400: Using dialect: org.hibernate.dialect.H2Dialect
2025-03-26 14:54:29.464  INFO 17192 --- [    Test worker] o.h.e.t.j.p.i.JtaPlatformInitiator       : HHH000490: Using JtaPlatform implementation: [org.hibernate.engine.transaction.jta.platform.internal.NoJtaPlatform]
2025-03-26 14:54:29.479  INFO 17192 --- [    Test worker] j.LocalContainerEntityManagerFactoryBean : Initialized JPA EntityManagerFactory for persistence unit 'default'
2025-03-26 14:54:30.329  WARN 17192 --- [    Test worker] JpaBaseConfiguration$JpaWebConfiguration : spring.jpa.open-in-view is enabled by default. Therefore, database queries may be performed during view rendering. Explicitly configure spring.jpa.open-in-view to disable this warning
2025-03-26 14:54:30.895  INFO 17192 --- [    Test worker] c.a.p.repository.ClienteRepositoryTest   : Started ClienteRepositoryTest in 4.195 seconds (JVM running for 11.961)
]]></system-out>
  <system-err><![CDATA[]]></system-err>
</testsuite>
